<?xml version="1.0" encoding="UTF-8"?>
<!-- Generated by org.testng.reporters.JUnitXMLReporter -->
<testsuite ignored="0" hostname="DESKTOP-4D96T8D" failures="1" tests="3" name="Error Validations Test" time="24.762" errors="0" timestamp="26 Jun 2024 13:44:59 GMT">
  <testcase classname="neevsystems.SeleniumFrameWork.LoginErrorValidationSec20" name="LoginErrorValidation" time="0.993">
    <skipped/>
  </testcase> <!-- LoginErrorValidation -->
  <testcase classname="neevsystems.SeleniumFrameWork.LoginErrorValidationSec20" name="LoginErrorValidation" time="0.799">
    <failure type="java.lang.AssertionError" message="expected [Incorrect email or password.] but found [Incorrect email  password.]">
      <![CDATA[java.lang.AssertionError: expected [Incorrect email or password.] but found [Incorrect email  password.]
at neevsystems.SeleniumFrameWork.LoginErrorValidationSec20.LoginErrorValidation(LoginErrorValidationSec20.java:39)
at java.base/java.util.concurrent.FutureTask.run(FutureTask.java:264)
at java.base/java.util.concurrent.ThreadPoolExecutor.runWorker(ThreadPoolExecutor.java:1136)
at java.base/java.util.concurrent.ThreadPoolExecutor$Worker.run(ThreadPoolExecutor.java:635)
at java.base/java.lang.Thread.run(Thread.java:833)
... Removed 22 stack frames]]>
    </failure>
  </testcase> <!-- LoginErrorValidation -->
  <testcase classname="neevsystems.SeleniumFrameWork.LoginErrorValidationSec20" name="ProductErrorValidation" time="2.909"/>
</testsuite> <!-- Error Validations Test -->
