<?xml version="1.0" encoding="UTF-8"?>
<!-- Generated by org.testng.reporters.JUnitXMLReporter -->
<testsuite ignored="1" hostname="DESKTOP-4D96T8D" failures="0" tests="2" name="Submit Order Test" time="27.939" errors="0" timestamp="26 Jun 2024 13:45:45 GMT">
  <testcase classname="neevsystems.SeleniumFrameWork.StandAloneSubmitOrder" name="submitOrder" time="4.158"/>
  <testcase classname="neevsystems.SeleniumFrameWork.StandAloneSubmitOrder" name="submitOrder" time="4.508"/>
  <testcase classname="neevsystems.SeleniumFrameWork.StandAloneSubmitOrder" name="OrderHistoryTest" time="0.0">
    <ignored/>
  </testcase> <!-- OrderHistoryTest -->
</testsuite> <!-- Submit Order Test -->
