<?xml version="1.0" encoding="UTF-8"?>
<testng-results ignored="0" total="1" passed="1" failed="0" skipped="0">
  <reporter-output>
  </reporter-output>
  <suite started-at="2024-06-26T12:42:01 IST" name="Default suite" finished-at="2024-06-26T12:42:06 IST" duration-ms="5052">
    <groups>
    </groups>
    <test started-at="2024-06-26T12:42:01 IST" name="Default test" finished-at="2024-06-26T12:42:06 IST" duration-ms="5052">
      <class name="neevsystems.ExtentReportsSec22.ExtentReportsDemo">
        <test-method is-config="true" signature="config()[pri:0, instance:neevsystems.ExtentReportsSec22.ExtentReportsDemo@79b06cab]" started-at="2024-06-26T12:42:01 IST" name="config" finished-at="2024-06-26T12:42:01 IST" duration-ms="293" status="PASS">
          <reporter-output>
          </reporter-output>
        </test-method> <!-- config -->
        <test-method signature="initialDemo()[pri:0, instance:neevsystems.ExtentReportsSec22.ExtentReportsDemo@79b06cab]" started-at="2024-06-26T12:42:01 IST" name="initialDemo" finished-at="2024-06-26T12:42:06 IST" duration-ms="4707" status="PASS">
          <reporter-output>
          </reporter-output>
        </test-method> <!-- initialDemo -->
      </class> <!-- neevsystems.ExtentReportsSec22.ExtentReportsDemo -->
    </test> <!-- Default test -->
  </suite> <!-- Default suite -->
</testng-results>
