<?xml version="1.0" encoding="UTF-8"?>
<!-- Generated by org.testng.reporters.JUnitXMLReporter -->
<testsuite hostname="DESKTOP-4D96T8D" failures="0" tests="5" name="Car Loan" time="0.259" errors="0" timestamp="26 Jun 2024 13:47:34 GMT">
  <testcase classname="frameworkTestNGSec16.day3" name="MobileLogincarLoan" time="0.015"/>
  <testcase classname="frameworkTestNGSec16.day3" name="MobilesignoutcarLoan" time="0.007"/>
  <testcase classname="frameworkTestNGSec16.day3" name="MobilesignoutcarLoan" time="0.031"/>
  <testcase classname="frameworkTestNGSec16.day3" name="MobilesignoutcarLoan" time="0.019"/>
  <testcase classname="frameworkTestNGSec16.day3" name="WebloginCarLoan" time="0.008"/>
</testsuite> <!-- Car Loan -->
