<?xml version="1.0" encoding="UTF-8"?>
<!-- Generated by org.testng.reporters.JUnitXMLReporter -->
<testsuite hostname="DESKTOP-4D96T8D" failures="1" tests="12" name="PersionalLoan" time="0.175" errors="0" timestamp="26 Jun 2024 13:47:20 GMT">
  <testcase classname="frameworkTestNGSec16.day1" name="Demo" time="0.01">
    <failure type="java.lang.AssertionError" message="expected [true] but found [false]">
      <![CDATA[java.lang.AssertionError: expected [true] but found [false]
	at frameworkTestNGSec16.day1.Demo(day1.java:22)
... Removed 28 stack frames]]>
    </failure>
  </testcase> <!-- Demo -->
  <testcase classname="frameworkTestNGSec16.day1" name="SecondTest" time="0.002"/>
  <testcase classname="frameworkTestNGSec16.day2" name="ploan" time="0.006"/>
  <testcase classname="frameworkTestNGSec16.day3" name="MobileLogincarLoan" time="0.003"/>
  <testcase classname="frameworkTestNGSec16.day3" name="MobilesignoutcarLoan" time="0.009"/>
  <testcase classname="frameworkTestNGSec16.day3" name="MobilesignoutcarLoan" time="0.006"/>
  <testcase classname="frameworkTestNGSec16.day3" name="MobilesignoutcarLoan" time="0.007"/>
  <testcase classname="frameworkTestNGSec16.day3" name="WebloginCarLoan" time="0.0">
    <skipped/>
  </testcase> <!-- WebloginCarLoan -->
  <testcase classname="frameworkTestNGSec16.day4" name="LoginAPIHomeLoan" time="0.005"/>
  <testcase classname="frameworkTestNGSec16.day4" name="MobileLoginHomeLoan" time="0.01"/>
  <testcase classname="frameworkTestNGSec16.day4" name="WebloginHomeLoan" time="0.0">
    <skipped/>
  </testcase> <!-- WebloginHomeLoan -->
  <testcase classname="frameworkTestNGSec16.day3" name="APIcarLoan" time="0.0">
    <skipped/>
  </testcase> <!-- APIcarLoan -->
</testsuite> <!-- PersionalLoan -->
