<?xml version="1.0" encoding="UTF-8"?>
<!-- Generated by org.testng.reporters.JUnitXMLReporter -->
<testsuite hostname="DESKTOP-4D96T8D" failures="0" tests="3" name="Regression" time="0.062" errors="0" timestamp="26 Jun 2024 13:47:47 GMT">
  <testcase classname="frameworkTestNGSec16.day2" name="ploan" time="0.015"/>
  <testcase classname="frameworkTestNGSec16.day3" name="MobileLogincarLoan" time="0.004"/>
  <testcase classname="frameworkTestNGSec16.day4" name="MobileLoginHomeLoan" time="0.002"/>
</testsuite> <!-- Regression -->
